
PLAY [Head node Scheduler configuration] ***************************************

PLAY [Compute node Scheduler configuration] ************************************

TASK [Gathering Facts] *********************************************************
ok: [lci-compute-01-1]
ok: [lci-compute-01-2]

TASK [slurm-user : Setting SLURM user, group] **********************************
included: /root/Scheduler_installation_playbook/roles/slurm-user/tasks/slurm-user.yml for lci-compute-01-1, lci-compute-01-2

TASK [slurm-user : Create slurm group] *****************************************
ok: [lci-compute-01-1]
ok: [lci-compute-01-2]

TASK [slurm-user : Create the slurm user and add them to the slurm group] ******
ok: [lci-compute-01-1]
ok: [lci-compute-01-2]

TASK [slurm-user : Setting SLURM directories] **********************************
included: /root/Scheduler_installation_playbook/roles/slurm-user/tasks/slurm-logs.yml for lci-compute-01-1, lci-compute-01-2

TASK [slurm-user : Create & change ownership of /var/spool/slurm directory] ****
ok: [lci-compute-01-1]
ok: [lci-compute-01-2]

TASK [slurm-user : Create & change ownership of /var/spool/slurmctld directory] ***
ok: [lci-compute-01-1]
ok: [lci-compute-01-2]

TASK [slurm-user : Create /var/spool/slurm/cluster_state directory] ************
ok: [lci-compute-01-1]
ok: [lci-compute-01-2]

TASK [slurm-user : Create /var/log/slurm directory] ****************************
ok: [lci-compute-01-1]
ok: [lci-compute-01-2]

TASK [compute-node_munge_key : Install munge on compute nodes] *****************
ok: [lci-compute-01-1]
ok: [lci-compute-01-2]

TASK [compute-node_munge_key : Copy mungekey with owner and permissions to the compute nodes] ***
ok: [lci-compute-01-1]
ok: [lci-compute-01-2]

TASK [compute-node_munge_key : Restart munge service after munge.key has been copied] ***
changed: [lci-compute-01-1]
changed: [lci-compute-01-2]

TASK [slurmd : Copy compute node RPMs to /tmp for installation] ****************
An exception occurred during task execution. To see the full traceback, use -vvv. The error was: If you are using a module and expect the file to exist on the remote, see the remote_src option
failed: [lci-compute-01-1] (item=pmix-4.2.8-1.el9.x86_64.rpm) => {"ansible_loop_var": "item", "changed": false, "item": "pmix-4.2.8-1.el9.x86_64.rpm", "msg": "Could not find or access 'pmix-4.2.8-1.el9.x86_64.rpm'\nSearched in:\n\t/root/Scheduler_installation_playbook/roles/slurmd/files/pmix-4.2.8-1.el9.x86_64.rpm\n\t/root/Scheduler_installation_playbook/roles/slurmd/pmix-4.2.8-1.el9.x86_64.rpm\n\t/root/Scheduler_installation_playbook/roles/slurmd/tasks/files/pmix-4.2.8-1.el9.x86_64.rpm\n\t/root/Scheduler_installation_playbook/roles/slurmd/tasks/pmix-4.2.8-1.el9.x86_64.rpm\n\t/root/Scheduler_installation_playbook/files/pmix-4.2.8-1.el9.x86_64.rpm\n\t/root/Scheduler_installation_playbook/pmix-4.2.8-1.el9.x86_64.rpm on the Ansible Controller.\nIf you are using a module and expect the file to exist on the remote, see the remote_src option"}
An exception occurred during task execution. To see the full traceback, use -vvv. The error was: If you are using a module and expect the file to exist on the remote, see the remote_src option
failed: [lci-compute-01-2] (item=pmix-4.2.8-1.el9.x86_64.rpm) => {"ansible_loop_var": "item", "changed": false, "item": "pmix-4.2.8-1.el9.x86_64.rpm", "msg": "Could not find or access 'pmix-4.2.8-1.el9.x86_64.rpm'\nSearched in:\n\t/root/Scheduler_installation_playbook/roles/slurmd/files/pmix-4.2.8-1.el9.x86_64.rpm\n\t/root/Scheduler_installation_playbook/roles/slurmd/pmix-4.2.8-1.el9.x86_64.rpm\n\t/root/Scheduler_installation_playbook/roles/slurmd/tasks/files/pmix-4.2.8-1.el9.x86_64.rpm\n\t/root/Scheduler_installation_playbook/roles/slurmd/tasks/pmix-4.2.8-1.el9.x86_64.rpm\n\t/root/Scheduler_installation_playbook/files/pmix-4.2.8-1.el9.x86_64.rpm\n\t/root/Scheduler_installation_playbook/pmix-4.2.8-1.el9.x86_64.rpm on the Ansible Controller.\nIf you are using a module and expect the file to exist on the remote, see the remote_src option"}
An exception occurred during task execution. To see the full traceback, use -vvv. The error was: If you are using a module and expect the file to exist on the remote, see the remote_src option
failed: [lci-compute-01-1] (item=slurm-23.11.1-1.el9.x86_64.rpm) => {"ansible_loop_var": "item", "changed": false, "item": "slurm-23.11.1-1.el9.x86_64.rpm", "msg": "Could not find or access 'slurm-23.11.1-1.el9.x86_64.rpm'\nSearched in:\n\t/root/Scheduler_installation_playbook/roles/slurmd/files/slurm-23.11.1-1.el9.x86_64.rpm\n\t/root/Scheduler_installation_playbook/roles/slurmd/slurm-23.11.1-1.el9.x86_64.rpm\n\t/root/Scheduler_installation_playbook/roles/slurmd/tasks/files/slurm-23.11.1-1.el9.x86_64.rpm\n\t/root/Scheduler_installation_playbook/roles/slurmd/tasks/slurm-23.11.1-1.el9.x86_64.rpm\n\t/root/Scheduler_installation_playbook/files/slurm-23.11.1-1.el9.x86_64.rpm\n\t/root/Scheduler_installation_playbook/slurm-23.11.1-1.el9.x86_64.rpm on the Ansible Controller.\nIf you are using a module and expect the file to exist on the remote, see the remote_src option"}
An exception occurred during task execution. To see the full traceback, use -vvv. The error was: If you are using a module and expect the file to exist on the remote, see the remote_src option
failed: [lci-compute-01-2] (item=slurm-23.11.1-1.el9.x86_64.rpm) => {"ansible_loop_var": "item", "changed": false, "item": "slurm-23.11.1-1.el9.x86_64.rpm", "msg": "Could not find or access 'slurm-23.11.1-1.el9.x86_64.rpm'\nSearched in:\n\t/root/Scheduler_installation_playbook/roles/slurmd/files/slurm-23.11.1-1.el9.x86_64.rpm\n\t/root/Scheduler_installation_playbook/roles/slurmd/slurm-23.11.1-1.el9.x86_64.rpm\n\t/root/Scheduler_installation_playbook/roles/slurmd/tasks/files/slurm-23.11.1-1.el9.x86_64.rpm\n\t/root/Scheduler_installation_playbook/roles/slurmd/tasks/slurm-23.11.1-1.el9.x86_64.rpm\n\t/root/Scheduler_installation_playbook/files/slurm-23.11.1-1.el9.x86_64.rpm\n\t/root/Scheduler_installation_playbook/slurm-23.11.1-1.el9.x86_64.rpm on the Ansible Controller.\nIf you are using a module and expect the file to exist on the remote, see the remote_src option"}
An exception occurred during task execution. To see the full traceback, use -vvv. The error was: If you are using a module and expect the file to exist on the remote, see the remote_src option
failed: [lci-compute-01-1] (item=slurm-perlapi-23.11.1-1.el9.x86_64.rpm) => {"ansible_loop_var": "item", "changed": false, "item": "slurm-perlapi-23.11.1-1.el9.x86_64.rpm", "msg": "Could not find or access 'slurm-perlapi-23.11.1-1.el9.x86_64.rpm'\nSearched in:\n\t/root/Scheduler_installation_playbook/roles/slurmd/files/slurm-perlapi-23.11.1-1.el9.x86_64.rpm\n\t/root/Scheduler_installation_playbook/roles/slurmd/slurm-perlapi-23.11.1-1.el9.x86_64.rpm\n\t/root/Scheduler_installation_playbook/roles/slurmd/tasks/files/slurm-perlapi-23.11.1-1.el9.x86_64.rpm\n\t/root/Scheduler_installation_playbook/roles/slurmd/tasks/slurm-perlapi-23.11.1-1.el9.x86_64.rpm\n\t/root/Scheduler_installation_playbook/files/slurm-perlapi-23.11.1-1.el9.x86_64.rpm\n\t/root/Scheduler_installation_playbook/slurm-perlapi-23.11.1-1.el9.x86_64.rpm on the Ansible Controller.\nIf you are using a module and expect the file to exist on the remote, see the remote_src option"}
An exception occurred during task execution. To see the full traceback, use -vvv. The error was: If you are using a module and expect the file to exist on the remote, see the remote_src option
failed: [lci-compute-01-2] (item=slurm-perlapi-23.11.1-1.el9.x86_64.rpm) => {"ansible_loop_var": "item", "changed": false, "item": "slurm-perlapi-23.11.1-1.el9.x86_64.rpm", "msg": "Could not find or access 'slurm-perlapi-23.11.1-1.el9.x86_64.rpm'\nSearched in:\n\t/root/Scheduler_installation_playbook/roles/slurmd/files/slurm-perlapi-23.11.1-1.el9.x86_64.rpm\n\t/root/Scheduler_installation_playbook/roles/slurmd/slurm-perlapi-23.11.1-1.el9.x86_64.rpm\n\t/root/Scheduler_installation_playbook/roles/slurmd/tasks/files/slurm-perlapi-23.11.1-1.el9.x86_64.rpm\n\t/root/Scheduler_installation_playbook/roles/slurmd/tasks/slurm-perlapi-23.11.1-1.el9.x86_64.rpm\n\t/root/Scheduler_installation_playbook/files/slurm-perlapi-23.11.1-1.el9.x86_64.rpm\n\t/root/Scheduler_installation_playbook/slurm-perlapi-23.11.1-1.el9.x86_64.rpm on the Ansible Controller.\nIf you are using a module and expect the file to exist on the remote, see the remote_src option"}
An exception occurred during task execution. To see the full traceback, use -vvv. The error was: If you are using a module and expect the file to exist on the remote, see the remote_src option
failed: [lci-compute-01-1] (item=slurm-slurmd-23.11.1-1.el9.x86_64.rpm) => {"ansible_loop_var": "item", "changed": false, "item": "slurm-slurmd-23.11.1-1.el9.x86_64.rpm", "msg": "Could not find or access 'slurm-slurmd-23.11.1-1.el9.x86_64.rpm'\nSearched in:\n\t/root/Scheduler_installation_playbook/roles/slurmd/files/slurm-slurmd-23.11.1-1.el9.x86_64.rpm\n\t/root/Scheduler_installation_playbook/roles/slurmd/slurm-slurmd-23.11.1-1.el9.x86_64.rpm\n\t/root/Scheduler_installation_playbook/roles/slurmd/tasks/files/slurm-slurmd-23.11.1-1.el9.x86_64.rpm\n\t/root/Scheduler_installation_playbook/roles/slurmd/tasks/slurm-slurmd-23.11.1-1.el9.x86_64.rpm\n\t/root/Scheduler_installation_playbook/files/slurm-slurmd-23.11.1-1.el9.x86_64.rpm\n\t/root/Scheduler_installation_playbook/slurm-slurmd-23.11.1-1.el9.x86_64.rpm on the Ansible Controller.\nIf you are using a module and expect the file to exist on the remote, see the remote_src option"}
An exception occurred during task execution. To see the full traceback, use -vvv. The error was: If you are using a module and expect the file to exist on the remote, see the remote_src option
failed: [lci-compute-01-2] (item=slurm-slurmd-23.11.1-1.el9.x86_64.rpm) => {"ansible_loop_var": "item", "changed": false, "item": "slurm-slurmd-23.11.1-1.el9.x86_64.rpm", "msg": "Could not find or access 'slurm-slurmd-23.11.1-1.el9.x86_64.rpm'\nSearched in:\n\t/root/Scheduler_installation_playbook/roles/slurmd/files/slurm-slurmd-23.11.1-1.el9.x86_64.rpm\n\t/root/Scheduler_installation_playbook/roles/slurmd/slurm-slurmd-23.11.1-1.el9.x86_64.rpm\n\t/root/Scheduler_installation_playbook/roles/slurmd/tasks/files/slurm-slurmd-23.11.1-1.el9.x86_64.rpm\n\t/root/Scheduler_installation_playbook/roles/slurmd/tasks/slurm-slurmd-23.11.1-1.el9.x86_64.rpm\n\t/root/Scheduler_installation_playbook/files/slurm-slurmd-23.11.1-1.el9.x86_64.rpm\n\t/root/Scheduler_installation_playbook/slurm-slurmd-23.11.1-1.el9.x86_64.rpm on the Ansible Controller.\nIf you are using a module and expect the file to exist on the remote, see the remote_src option"}
An exception occurred during task execution. To see the full traceback, use -vvv. The error was: If you are using a module and expect the file to exist on the remote, see the remote_src option
failed: [lci-compute-01-1] (item=slurm-libpmi-23.11.1-1.el9.x86_64.rpm) => {"ansible_loop_var": "item", "changed": false, "item": "slurm-libpmi-23.11.1-1.el9.x86_64.rpm", "msg": "Could not find or access 'slurm-libpmi-23.11.1-1.el9.x86_64.rpm'\nSearched in:\n\t/root/Scheduler_installation_playbook/roles/slurmd/files/slurm-libpmi-23.11.1-1.el9.x86_64.rpm\n\t/root/Scheduler_installation_playbook/roles/slurmd/slurm-libpmi-23.11.1-1.el9.x86_64.rpm\n\t/root/Scheduler_installation_playbook/roles/slurmd/tasks/files/slurm-libpmi-23.11.1-1.el9.x86_64.rpm\n\t/root/Scheduler_installation_playbook/roles/slurmd/tasks/slurm-libpmi-23.11.1-1.el9.x86_64.rpm\n\t/root/Scheduler_installation_playbook/files/slurm-libpmi-23.11.1-1.el9.x86_64.rpm\n\t/root/Scheduler_installation_playbook/slurm-libpmi-23.11.1-1.el9.x86_64.rpm on the Ansible Controller.\nIf you are using a module and expect the file to exist on the remote, see the remote_src option"}
An exception occurred during task execution. To see the full traceback, use -vvv. The error was: If you are using a module and expect the file to exist on the remote, see the remote_src option
failed: [lci-compute-01-2] (item=slurm-libpmi-23.11.1-1.el9.x86_64.rpm) => {"ansible_loop_var": "item", "changed": false, "item": "slurm-libpmi-23.11.1-1.el9.x86_64.rpm", "msg": "Could not find or access 'slurm-libpmi-23.11.1-1.el9.x86_64.rpm'\nSearched in:\n\t/root/Scheduler_installation_playbook/roles/slurmd/files/slurm-libpmi-23.11.1-1.el9.x86_64.rpm\n\t/root/Scheduler_installation_playbook/roles/slurmd/slurm-libpmi-23.11.1-1.el9.x86_64.rpm\n\t/root/Scheduler_installation_playbook/roles/slurmd/tasks/files/slurm-libpmi-23.11.1-1.el9.x86_64.rpm\n\t/root/Scheduler_installation_playbook/roles/slurmd/tasks/slurm-libpmi-23.11.1-1.el9.x86_64.rpm\n\t/root/Scheduler_installation_playbook/files/slurm-libpmi-23.11.1-1.el9.x86_64.rpm\n\t/root/Scheduler_installation_playbook/slurm-libpmi-23.11.1-1.el9.x86_64.rpm on the Ansible Controller.\nIf you are using a module and expect the file to exist on the remote, see the remote_src option"}

PLAY RECAP *********************************************************************
lci-compute-01-1           : ok=12   changed=1    unreachable=0    failed=1    skipped=0    rescued=0    ignored=0   
lci-compute-01-2           : ok=12   changed=1    unreachable=0    failed=1    skipped=0    rescued=0    ignored=0   

